Request method:	POST
Request URI:	https://test-api.twg.co.nz/loyalty-v1/loyalty/segments
Proxy:			<none>
Request params:	<none>
Query params:	<none>
Form params:	<none>
Path params:	<none>
Headers:		x-api-key=tKySF1qrPUt768FCuQ2N7dZV8OqoQoXdDTsFoWb0
				Accept=*/*
				Content-Type=application/json
Cookies:		<none>
Multiparts:		<none>
Body:
{
    "segments": [
        {
            "customerId": "330919",
            "segment": "Product Infrastructure Specialist"
        }
    ]
}
HTTP/1.1 201 Created
Date: Thu, 18 Nov 2021 11:02:06 GMT
Content-Type: application/json
Content-Length: 140
Connection: keep-alive
x-amzn-RequestId: 13aecae9-2ed2-4739-894b-57137654f60b
Access-Control-Allow-Origin: *
x-amz-apigw-id: I_zbPG23SwMFoFQ=
X-Amzn-Trace-Id: Root=1-619632ae-4328b0073de778b8055dbcc9
CF-Cache-Status: DYNAMIC
Expect-CT: max-age=604800, report-uri="https://report-uri.cloudflare.com/cdn-cgi/beacon/expect-ct"
Server: cloudflare
CF-RAY: 6b00b45f1bbaee92-AKL

{
    "id": "330919",
    "segment": "Product Infrastructure Specialist",
    "message": "Segment has been created successfully."
}
